01/11/2008, 01:17:33 AM, 4, 0, :Invalid directory.
01/12/2008, 01:35:28 AM, 4, 0, :Invalid directory.
01/12/2008, 01:40:01 AM, 4, 0, :Invalid directory.
01/12/2008, 01:41:24 AM, 4, 0, :Invalid directory.
01/12/2008, 01:41:57 AM, 4, 0, :Invalid directory.
01/12/2008, 01:43:10 AM, 4, 0, :Invalid directory.
01/12/2008, 01:44:56 AM, 4, 0, :Invalid directory.
01/12/2008, 01:48:26 AM, 4, 0, :Invalid directory.
01/12/2008, 01:49:21 AM, 4, 0, :Invalid directory.
01/12/2008, 02:09:24 AM, 4, 0, :Invalid directory.
01/12/2008, 02:10:30 AM, 4, 0, :Invalid directory.
01/12/2008, 02:13:54 AM, 4, 0, :Invalid directory.
01/12/2008, 02:14:57 AM, 4, 0, :Invalid directory.
01/12/2008, 02:16:28 AM, 4, 0, :Invalid directory.
01/12/2008, 02:18:01 AM, 4, 0, :Invalid directory.
01/12/2008, 02:21:24 AM, 4, 0, :Invalid directory.
01/12/2008, 02:27:58 AM, 4, 0, :Invalid directory.
01/12/2008, 02:31:52 AM, 4, 0, :Invalid directory.
01/12/2008, 02:33:52 AM, 4, 0, :Invalid directory.
01/12/2008, 02:37:07 AM, 4, 0, :Invalid directory.
01/12/2008, 02:38:10 AM, 4, 0, :Invalid directory.
01/12/2008, 02:38:38 AM, 4, 0, :Invalid directory.
01/13/08, 01:48:54, 4, 0, :Invalid directory.
01/13/08, 02:29:35, 4, 0, :Invalid directory.
01/13/08, 02:34:30, 4, 0, :Invalid directory.
01/13/08, 02:36:30, 4, 0, :Invalid directory.
01/13/08, 02:56:38, 4, 0, :Invalid directory.
01/13/08, 02:57:59, 4, 0, :Invalid directory.
01/17/08, 05:44:28, 4, 0, :Invalid directory.
01/17/08, 21:35:04, 4, 0, :Invalid directory.
01/18/08, 11:51:52, 4, 0, :Invalid directory.
01/19/08, 13:41:19, 4, 0, :Invalid directory.
01/26/08, 15:02:47, 4, 0, :Invalid directory.
01/26/08, 20:24:13, 4, 0, :Invalid directory.
01/27/08, 01:25:39, 4, 0, :Invalid directory.
01/27/08, 01:36:14, 4, 0, :Invalid directory.
01/27/08, 01:36:37, 4, 0, :File not found.
01/27/08, 04:37:18, 4, 0, :Invalid directory.
01/27/08, 05:07:05, 4, 0, :Invalid directory.
1/28/2006, 6:22:32 PM, 4, 0, :Invalid directory.
1/28/2006, 6:31:19 PM, 4, 0, :Invalid directory.
1/28/2006, 6:32:40 PM, 4, 0, :Invalid directory.
1/28/2006, 6:38:06 PM, 4, 0, :Invalid directory.
1/28/2006, 6:48:35 PM, 4, 0, :Invalid directory.
1/28/2006, 6:55:16 PM, 4, 0, :Invalid directory.
1/28/2006, 6:58:05 PM, 4, 0, :Invalid directory.
1/28/2006, 7:00:38 PM, 4, 0, :Invalid directory.
1/28/2006, 7:01:26 PM, 4, 0, :Invalid directory.
1/28/2006, 7:06:54 PM, 4, 0, :Invalid directory.
1/28/2006, 7:14:35 PM, 4, 0, :Invalid directory.
1/28/2006, 7:16:23 PM, 4, 0, :Invalid directory.
1/28/2006, 7:17:41 PM, 4, 0, :Invalid directory.
1/28/2006, 7:19:10 PM, 4, 0, :Invalid directory.
1/28/2006, 7:26:03 PM, 4, 0, :Invalid directory.
1/28/2006, 7:28:15 PM, 4, 0, :Invalid directory.
1/28/2006, 7:39:56 PM, 4, 0, :Invalid directory.
1/28/2006, 7:40:39 PM, 4, 0, :Invalid directory.
01/30/08, 00:40:56, 4, 0, :Invalid directory.
01/30/08, 00:41:05, 4, 0, :File not found.
01/30/08, 00:43:16, 4, 0, :Invalid directory.
01/30/08, 00:43:25, 4, 0, :File not found.
01/30/08, 00:43:53, 4, 0, :Invalid directory.
01/30/08, 00:43:56, 4, 0, :File not found.
01/30/08, 23:53:16, 4, 0, :Invalid directory.
01/30/08, 23:53:19, 4, 0, :File not found.
02/02/08, 14:11:38, 4, 0, :Invalid directory.
02/02/08, 14:11:44, 4, 0, :File not found.
02/02/08, 23:12:28, 4, 0, :Invalid directory.
02/03/08, 10:07:33, 4, 0, :Invalid directory.
02/03/2008, 10:44:44 PM, 4, 0, :Invalid directory.
02/03/2008, 10:45:34 PM, 4, 0, :Invalid directory.
02/03/2008, 10:59:15 PM, 4, 0, :Invalid directory.
02/03/2008, 11:02:13 PM, 4, 0, :Invalid directory.
02/03/2008, 11:18:58 PM, 4, 0, :Invalid directory.
02/04/2008, 08:08:07 PM, 4, 0, :Invalid directory.
02/04/2008, 08:08:16 PM, 4, 0, :File not found.
02/04/2008, 08:10:38 PM, 4, 0, :Invalid directory.
02/04/2008, 08:10:42 PM, 4, 0, :File not found.
02/04/2008, 08:15:44 PM, 4, 0, :Invalid directory.
02/04/2008, 08:15:48 PM, 4, 0, :File not found.
02/05/08, 13:15:07, 4, 0, :Invalid directory.
02/05/08, 13:16:49, 4, 0, :File not found.
02/06/2008, 04:39:27 AM, 4, 0, :Invalid directory.
02/06/2008, 04:39:33 AM, 4, 0, :File not found.
02/06/2008, 04:42:15 AM, 4, 0, :Invalid directory.
02/06/2008, 04:42:26 AM, 4, 0, :File not found.
02/06/2008, 04:46:07 AM, 4, 0, :Invalid directory.
02/06/2008, 04:46:10 AM, 4, 0, :File not found.
02/06/2008, 04:47:37 AM, 4, 0, :Invalid directory.
02/06/2008, 04:47:40 AM, 4, 0, :File not found.
02/06/2008, 04:50:51 AM, 4, 0, :Invalid directory.
02/06/2008, 04:51:13 AM, 4, 0, :File not found.
02/06/08, 23:06:53, 4, 0, :Invalid directory.
02/07/08, 10:11:00, 4, 0, :Invalid directory.
02/07/08, 12:11:07, 4, 0, :Invalid directory.
02/07/08, 12:25:16, 4, 0, :Invalid directory.
02/07/08, 13:56:50, 4, 0, :Invalid directory.
02/08/08, 21:24:05, 4, 0, :Invalid directory.
02/08/08, 21:25:26, 4, 0, :File not found.
02/08/08, 21:32:59, 4, 0, :Invalid directory.
02/08/08, 21:39:29, 4, 0, :File not found.
02/10/2008, 09:14:24 PM, 4, 0, :Invalid directory.
02/10/2008, 09:14:29 PM, 4, 0, :File not found.
02/10/2008, 09:28:51 PM, 4, 0, :Invalid directory.
02/10/2008, 09:32:02 PM, 4, 0, :Invalid directory.
02/10/08, 22:50:00, 4, 0, :Invalid directory.
02/10/08, 23:10:26, 4, 0, :Invalid directory.
02/10/08, 23:11:16, 4, 0, :Invalid directory.
02/10/08, 23:18:12, 4, 0, :Invalid directory.
02/11/2008, 07:32:35 PM, 4, 0, :Invalid directory.
02/12/2008, 03:16:37 PM, 4, 0, :Invalid directory.
02/12/2008, 03:16:44 PM, 4, 0, :File not found.
02/12/2008, 03:20:18 PM, 4, 0, :Invalid directory.
02/12/2008, 03:20:21 PM, 4, 0, :File not found.
02/12/2008, 03:22:27 PM, 4, 0, :Invalid directory.
02/12/2008, 03:22:30 PM, 4, 0, :File not found.
02/12/2008, 03:23:58 PM, 4, 0, :Invalid directory.
02/12/2008, 03:24:02 PM, 4, 0, :File not found.
02/12/2008, 03:25:34 PM, 4, 0, :Invalid directory.
02/12/2008, 03:25:37 PM, 4, 0, :File not found.
02/12/2008, 03:29:14 PM, 4, 0, :Invalid directory.
02/12/2008, 03:29:20 PM, 4, 0, :File not found.
02/13/2008, 01:38:12 PM, 4, 0, :Invalid directory.
02/13/2008, 01:39:29 PM, 4, 0, :Invalid directory.
02/13/2008, 01:40:40 PM, 4, 0, :File not found.
02/13/2008, 01:44:45 PM, 4, 0, :Invalid directory.
02/13/2008, 01:46:51 PM, 4, 0, :Invalid directory.
02/18/08, 20:50:18, 4, 0, :Invalid directory.
02/19/2008, 08:20:47 AM, 4, 0, :Invalid directory.
02/19/2008, 08:20:50 AM, 4, 0, :File not found.
02/21/08, 03:22:09, 4, 0, :Invalid directory.
02/21/08, 03:28:48, 4, 0, :File not found.
02/21/08, 03:31:17, 4, 0, :Invalid directory.
02/21/08, 03:31:20, 4, 0, :File not found.
02/21/2008, 03:32:47 AM, 4, 0, :Invalid directory.
02/21/2008, 03:32:49 AM, 4, 0, :File not found.
02/21/2008, 03:34:22 AM, 4, 0, :Invalid directory.
02/21/2008, 03:34:26 AM, 4, 0, :File not found.
02/21/2008, 03:35:45 AM, 4, 0, :Invalid directory.
02/21/2008, 03:35:47 AM, 4, 0, :File not found.
02/21/2008, 03:36:28 AM, 4, 0, :Invalid directory.
02/21/2008, 03:36:52 AM, 4, 0, :File not found.
02/22/2008, 10:52:23 AM, 4, 0, :Invalid directory.
02/22/2008, 10:52:29 AM, 4, 0, :File not found.
02/23/2008, 02:16:52 AM, 4, 0, C:\Documents and Settings\wahyu\My Documents\waynh project\vb project\travel project\laporan penjualan-CLIENT4.rpt:A number, currency amount, boolean, date, time, date-time, or string is expected here.
02/23/2008, 02:17:42 AM, 4, 0, C:\Documents and Settings\wahyu\My Documents\waynh project\vb project\travel project\laporan penjualan-CLIENT4.rpt:A number, currency amount, boolean, date, time, date-time, or string is expected here.
02/23/2008, 02:50:52 AM, 4, 0, C:\Documents and Settings\wahyu\My Documents\waynh project\vb project\travel project\laporan penjualan-AIRLINES3.rpt:The matching } for this field name is missing.
02/23/2008, 02:51:47 AM, 4, 0, C:\Documents and Settings\wahyu\My Documents\waynh project\vb project\travel project\laporan penjualan-AIRLINES3.rpt:This field name is not known.
02/23/2008, 02:53:04 AM, 4, 0, C:\Documents and Settings\wahyu\My Documents\waynh project\vb project\travel project\laporan penjualan-AIRLINES3.rpt:This field name is not known.
02/23/2008, 02:54:15 AM, 4, 0, C:\Documents and Settings\wahyu\My Documents\waynh project\vb project\travel project\laporan penjualan-AIRLINES3.rpt:This field name is not known.
02/23/2008, 02:54:57 AM, 4, 0, C:\Documents and Settings\wahyu\My Documents\waynh project\vb project\travel project\laporan penjualan-AIRLINES3.rpt:This field name is not known.
02/23/2008, 02:57:00 AM, 4, 0, C:\Documents and Settings\wahyu\My Documents\waynh project\vb project\travel project\laporan penjualan-AIRLINES3.rpt:This field name is not known.
02/23/2008, 03:28:17 AM, 4, 0, :Invalid directory.
02/23/2008, 03:28:44 AM, 4, 0, :Invalid directory.
02/23/2008, 03:28:51 AM, 4, 0, :File not found.
02/23/2008, 03:31:26 AM, 4, 0, :Invalid directory.
02/23/2008, 03:32:04 AM, 4, 0, :Invalid directory.
02/23/2008, 03:37:01 AM, 4, 0, :Invalid directory.
02/23/2008, 03:38:24 AM, 4, 0, :File not found.
02/23/2008, 03:39:07 AM, 4, 0, :Invalid directory.
02/23/2008, 03:39:29 AM, 4, 0, :Invalid directory.
02/23/08, 03:43:57, 4, 0, :Invalid directory.
02/23/2008, 03:47:42 AM, 4, 0, :Invalid directory.
02/24/2008, 11:44:30 AM, 4, 0, :Invalid directory.
02/24/2008, 11:51:24 AM, 4, 0, :Invalid directory.
02/24/2008, 12:31:00 PM, 4, 0, :Invalid directory.
02/24/2008, 12:32:36 PM, 4, 0, :Invalid directory.
02/25/08, 10:12:08, 4, 0, :Invalid directory.
02/25/2008, 03:20:56 PM, 4, 0, :Invalid directory.
02/25/2008, 03:23:30 PM, 4, 0, :Invalid directory.
02/28/08, 20:26:40, 4, 0, :Invalid directory.
02/28/08, 20:27:08, 4, 0, :File not found.
03/01/08, 11:39:19, 4, 0, :Invalid directory.
03/07/2008, 02:22:48 PM, 4, 0, :Invalid directory.
03/07/08, 15:50:02, 4, 0, :Invalid directory.
03/07/08, 15:50:17, 4, 0, :File not found.
03/09/08, 22:27:21, 4, 0, :Invalid directory.
03/09/2008, 10:28:47 PM, 4, 0, :Invalid directory.
03/09/2008, 10:29:34 PM, 4, 0, :Invalid directory.
03/09/2008, 10:30:56 PM, 4, 0, :Invalid directory.
03/09/2008, 10:36:05 PM, 4, 0, :Invalid directory.
03/09/2008, 10:36:41 PM, 4, 0, :File not found.
03/09/08, 22:38:18, 4, 0, :Invalid directory.
03/09/08, 22:41:16, 4, 0, :File not found.
03/10/08, 11:17:28, 4, 0, :Invalid directory.
03/10/08, 11:17:43, 4, 0, :File not found.
03/10/08, 14:32:42, 4, 0, :Invalid directory.
03/10/08, 14:38:16, 4, 0, :File not found.
03/12/2008, 04:29:12 PM, 4, 0, :Invalid directory.
03/12/2008, 04:29:35 PM, 4, 0, :File not found.
03/14/2008, 10:17:55 AM, 4, 0, :Invalid directory.
03/14/2008, 10:22:27 AM, 4, 0, :Invalid directory.
03/14/2008, 10:26:25 AM, 4, 0, :Invalid directory.
03/14/2008, 11:03:55 AM, 4, 0, :Invalid directory.
03/14/2008, 11:03:59 AM, 4, 0, :File not found.
03/14/2008, 11:04:50 AM, 4, 0, :Invalid directory.
03/14/2008, 11:04:53 AM, 4, 0, :File not found.
03/14/2008, 11:10:14 AM, 4, 0, :Invalid directory.
03/14/2008, 11:10:17 AM, 4, 0, :File not found.
03/14/2008, 11:16:49 AM, 4, 0, :Invalid directory.
03/14/2008, 11:16:55 AM, 4, 0, :File not found.
03/14/2008, 11:18:46 AM, 4, 0, :Invalid directory.
03/14/2008, 11:18:49 AM, 4, 0, :File not found.
03/14/2008, 11:23:17 AM, 4, 0, :Invalid directory.
03/14/2008, 11:23:21 AM, 4, 0, :File not found.
03/14/2008, 11:25:17 AM, 4, 0, :Invalid directory.
03/14/2008, 11:25:19 AM, 4, 0, :File not found.
03/14/2008, 11:27:37 AM, 4, 0, :Invalid directory.
03/14/2008, 11:27:39 AM, 4, 0, :File not found.
03/14/2008, 11:32:13 AM, 4, 0, :Invalid directory.
03/14/2008, 11:32:16 AM, 4, 0, :File not found.
03/14/2008, 11:36:48 AM, 4, 0, :Invalid directory.
03/14/2008, 11:36:51 AM, 4, 0, :File not found.
03/14/2008, 11:38:27 AM, 4, 0, :Invalid directory.
03/14/2008, 11:38:29 AM, 4, 0, :File not found.
03/14/2008, 11:40:47 AM, 4, 0, :Invalid directory.
03/14/2008, 11:40:50 AM, 4, 0, :File not found.
03/14/2008, 11:50:47 AM, 4, 0, :Invalid directory.
03/14/2008, 11:50:50 AM, 4, 0, :File not found.
03/14/2008, 12:02:27 PM, 4, 0, :Invalid directory.
03/14/2008, 12:02:30 PM, 4, 0, :File not found.
03/14/2008, 12:05:55 PM, 4, 0, :Invalid directory.
03/14/2008, 12:05:57 PM, 4, 0, :File not found.
03/14/2008, 01:20:01 PM, 4, 0, :Invalid directory.
03/14/2008, 01:20:04 PM, 4, 0, :File not found.
03/14/2008, 01:21:52 PM, 4, 0, :Invalid directory.
03/14/2008, 01:21:55 PM, 4, 0, :File not found.
03/14/2008, 01:24:02 PM, 4, 0, :Invalid directory.
03/14/2008, 01:24:20 PM, 4, 0, :File not found.
03/14/2008, 01:26:18 PM, 4, 0, :Invalid directory.
03/14/2008, 01:26:31 PM, 4, 0, :File not found.
03/14/2008, 01:27:35 PM, 4, 0, :Invalid directory.
03/14/2008, 01:27:41 PM, 4, 0, :File not found.
03/14/2008, 01:29:39 PM, 4, 0, :Invalid directory.
03/14/2008, 01:29:42 PM, 4, 0, :File not found.
03/14/2008, 01:31:33 PM, 4, 0, :Invalid directory.
03/14/2008, 01:31:35 PM, 4, 0, :File not found.
03/14/2008, 01:35:29 PM, 4, 0, :Invalid directory.
03/14/2008, 01:35:31 PM, 4, 0, :File not found.
03/14/2008, 01:37:43 PM, 4, 0, :Invalid directory.
03/14/2008, 01:37:46 PM, 4, 0, :File not found.
03/14/2008, 01:41:07 PM, 4, 0, :Invalid directory.
03/14/2008, 01:41:10 PM, 4, 0, :File not found.
03/14/2008, 01:45:04 PM, 4, 0, :Invalid directory.
03/14/2008, 01:45:07 PM, 4, 0, :File not found.
03/14/2008, 01:48:07 PM, 4, 0, :Invalid directory.
03/14/2008, 01:48:09 PM, 4, 0, :File not found.
03/14/2008, 01:49:27 PM, 4, 0, :Invalid directory.
03/14/2008, 01:49:31 PM, 4, 0, :File not found.
03/14/2008, 01:50:09 PM, 4, 0, :Invalid directory.
03/14/2008, 01:50:11 PM, 4, 0, :File not found.
03/14/2008, 01:51:51 PM, 4, 0, :Invalid directory.
03/14/2008, 01:51:53 PM, 4, 0, :File not found.
03/14/2008, 01:56:42 PM, 4, 0, :Invalid directory.
03/14/2008, 01:56:45 PM, 4, 0, :File not found.
03/14/2008, 01:58:46 PM, 4, 0, :Invalid directory.
03/14/2008, 01:58:49 PM, 4, 0, :File not found.
03/14/2008, 01:59:36 PM, 4, 0, :Invalid directory.
03/14/2008, 01:59:38 PM, 4, 0, :File not found.
03/14/2008, 02:00:55 PM, 4, 0, :Invalid directory.
03/14/2008, 02:00:57 PM, 4, 0, :File not found.
03/14/2008, 02:05:20 PM, 4, 0, :File not found.
03/14/2008, 02:06:42 PM, 4, 0, :Invalid directory.
03/14/2008, 02:06:45 PM, 4, 0, :File not found.
03/14/2008, 02:07:11 PM, 4, 0, :File not found.
03/14/2008, 02:09:04 PM, 4, 0, :Invalid directory.
03/14/2008, 02:09:07 PM, 4, 0, :File not found.
03/14/2008, 02:10:18 PM, 4, 0, :Invalid directory.
03/14/2008, 02:10:20 PM, 4, 0, :File not found.
03/14/2008, 02:10:27 PM, 4, 0, :File not found.
03/14/2008, 02:20:45 PM, 4, 0, :Invalid directory.
03/14/2008, 02:20:59 PM, 4, 0, :File not found.
03/14/2008, 02:22:04 PM, 4, 0, :Invalid directory.
03/14/2008, 02:22:09 PM, 4, 0, :File not found.
03/14/2008, 02:22:25 PM, 4, 0, :File not found.
03/14/2008, 02:22:56 PM, 4, 0, :File not found.
03/14/2008, 02:24:50 PM, 4, 0, :File not found.
03/14/2008, 02:27:16 PM, 4, 0, :Invalid directory.
03/14/2008, 02:27:18 PM, 4, 0, :File not found.
03/14/2008, 02:30:43 PM, 4, 0, :Invalid directory.
03/14/2008, 02:30:46 PM, 4, 0, :File not found.
03/14/2008, 02:36:11 PM, 4, 0, :Invalid directory.
03/14/2008, 02:36:14 PM, 4, 0, :File not found.
03/14/2008, 02:37:35 PM, 4, 0, :Invalid directory.
03/14/2008, 02:37:38 PM, 4, 0, :File not found.
03/15/08, 13:19:18, 4, 0, :Invalid directory.
03/23/08, 17:35:42, 4, 0, :Invalid directory.
03/30/2008, 12:22:30 PM, 4, 0, :Invalid directory.
03/30/2008, 06:55:43 PM, 4, 0, :Invalid directory.
03/30/2008, 06:57:56 PM, 4, 0, :File not found.
03/30/2008, 09:32:23 PM, 4, 0, :Invalid directory.
03/30/2008, 09:35:02 PM, 4, 0, :File not found.
04/01/2008, 12:15:17 PM, 4, 0, :Invalid directory.
04/01/2008, 12:16:35 PM, 4, 0, :File not found.
04/20/2008, 07:50:49 AM, 4, 0, :Invalid directory.
5/9/2008, 1:22:52 AM, 4, 0, :Invalid directory.
5/9/2008, 1:25:05 AM, 4, 0, :Invalid directory.
5/9/2008, 1:27:41 AM, 4, 0, C:\waynh\source code- WaynhSoft\sdh jadi\travel project\laporan penjualan-client admin.rpt:Server has not yet been opened.
5/9/2008, 1:32:21 AM, 4, 0, :Invalid directory.
5/9/2008, 1:32:34 AM, 4, 0, :Invalid directory.
05/11/08, 15:23:52, 4, 0, :Invalid directory.
05/11/08, 15:28:19, 4, 0, :Invalid directory.
05/16/08, 13:33:25, 4, 0, :Invalid directory.
05/16/08, 13:36:35, 4, 0, :Invalid directory.
7/11/2008, 12:07:17 AM, 4, 0, :Invalid directory.
7/11/2008, 12:07:27 AM, 4, 0, :Invalid directory.
7/11/2008, 12:08:45 AM, 4, 0, :Invalid directory.
7/11/2008, 12:11:09 AM, 4, 0, :Invalid directory.
7/11/2008, 12:14:38 AM, 4, 0, :Invalid directory.
7/11/2008, 12:16:46 AM, 4, 0, :Invalid directory.
7/11/2008, 12:19:37 AM, 4, 0, :Invalid directory.
7/11/2008, 12:21:46 AM, 4, 0, :Invalid directory.
7/11/2008, 12:22:53 AM, 4, 0, :Invalid directory.
7/11/2008, 12:24:43 AM, 4, 0, :Invalid directory.
7/11/2008, 12:27:47 AM, 4, 0, :Invalid directory.
7/11/2008, 12:32:41 AM, 4, 0, :Invalid directory.
7/11/2008, 12:44:08 AM, 4, 0, :Invalid directory.
7/11/2008, 12:44:12 AM, 4, 0, :Invalid directory.
7/11/2008, 12:48:25 AM, 4, 0, :Invalid directory.
7/11/2008, 12:49:12 AM, 4, 0, :Invalid directory.
7/11/2008, 12:51:47 AM, 4, 0, :Invalid directory.
7/11/2008, 12:52:25 AM, 4, 0, :Invalid directory.
7/11/2008, 10:22:05 AM, 4, 0, :Invalid directory.
7/11/2008, 10:49:13 AM, 4, 0, :Invalid directory.
7/11/2008, 10:49:23 AM, 4, 0, :Invalid directory.
7/11/2008, 10:51:41 AM, 4, 0, :Invalid directory.
7/11/2008, 10:51:46 AM, 4, 0, :Invalid directory.
7/11/2008, 10:57:28 AM, 4, 0, :Invalid directory.
7/11/2008, 10:57:32 AM, 4, 0, :Invalid directory.
7/11/2008, 11:00:01 AM, 4, 0, :Invalid directory.
7/11/2008, 11:00:06 AM, 4, 0, :Invalid directory.
7/11/2008, 11:02:42 AM, 4, 0, :Invalid directory.
7/11/2008, 11:02:49 AM, 4, 0, :Invalid directory.
7/11/2008, 11:05:04 AM, 4, 0, :Invalid directory.
7/11/2008, 12:59:03 PM, 4, 0, :Invalid directory.
7/11/2008, 1:01:41 PM, 4, 0, :Invalid directory.
7/11/2008, 1:19:29 PM, 4, 0, :Invalid directory.
7/11/2008, 1:19:33 PM, 4, 0, :Invalid directory.
7/11/2008, 5:27:40 PM, 4, 0, :Invalid directory.
07/12/08, 10:55:07, 4, 0, :Invalid directory.
7/20/2008, 6:45:54 PM, 4, 0, :Invalid directory.
7/20/2008, 6:47:12 PM, 4, 0, :Invalid directory.
07/28/08, 09:55:18, 4, 0, :Invalid directory.
07/28/08, 09:55:23, 4, 0, :Invalid directory.
7/28/2008, 10:05:36 AM, 4, 0, :Invalid directory.
7/28/2008, 10:06:36 AM, 4, 0, :Invalid directory.
7/28/2008, 10:10:01 AM, 4, 0, :Invalid directory.
7/28/2008, 10:10:10 AM, 4, 0, :Invalid directory.
7/28/2008, 10:17:46 AM, 4, 0, :Invalid directory.
7/28/2008, 10:18:21 AM, 4, 0, :Invalid directory.
7/28/2008, 10:21:46 AM, 4, 0, :Invalid directory.
7/28/2008, 10:21:49 AM, 4, 0, :Invalid directory.
7/28/2008, 10:24:20 AM, 4, 0, :Invalid directory.
7/28/2008, 10:24:22 AM, 4, 0, :Invalid directory.
7/28/2008, 10:29:25 AM, 4, 0, :Invalid directory.
7/28/2008, 10:30:24 AM, 4, 0, :Invalid directory.
7/28/2008, 10:33:35 AM, 4, 0, :Invalid directory.
7/28/2008, 10:33:37 AM, 4, 0, :Invalid directory.
08/04/08, 21:57:59, 4, 0, :Invalid directory.
8/4/2008, 10:00:53 PM, 4, 0, :Invalid directory.
8/4/2008, 10:04:12 PM, 4, 0, :Invalid directory.
8/4/2008, 10:33:29 PM, 4, 0, :Invalid directory.
8/4/2008, 10:41:20 PM, 4, 0, :Invalid directory.
8/4/2008, 10:45:37 PM, 4, 0, :Invalid directory.
8/4/2008, 10:51:08 PM, 4, 0, :Invalid directory.
08/04/08, 22:55:04, 4, 0, :Invalid directory.
08/04/08, 22:56:29, 4, 0, :Invalid directory.
8/6/2008, 5:39:35 PM, 4, 0, :Invalid directory.
9/4/2008, 10:40:00 AM, 4, 0, :Invalid directory.
9/4/2008, 1:47:34 PM, 4, 0, :Invalid directory.
9/4/2008, 2:10:36 PM, 4, 0, :Invalid directory.
9/4/2008, 3:17:32 PM, 4, 0, :Invalid directory.
9/4/2008, 3:26:02 PM, 4, 0, :Invalid directory.
09/25/08, 20:02:43, 4, 0, :Invalid directory.
8/7/2009, 9:55:48 AM, 4, 0, :Invalid directory.
8/7/2009, 9:57:47 AM, 4, 0, :Invalid directory.
8/7/2009, 9:58:55 AM, 4, 0, :Invalid directory.
8/7/2009, 10:18:20 AM, 4, 0, :Invalid directory.
8/7/2009, 10:20:36 AM, 4, 0, :Invalid directory.
8/7/2009, 10:22:55 AM, 4, 0, :Invalid directory.
8/7/2009, 10:30:14 AM, 4, 0, :Invalid directory.
8/7/2009, 10:37:54 AM, 4, 0, :Invalid directory.
8/7/2009, 10:43:36 AM, 4, 0, :Invalid directory.
8/7/2009, 10:52:00 AM, 4, 0, :Invalid directory.
8/7/2009, 10:59:11 AM, 4, 0, :Invalid directory.
8/7/2009, 11:06:40 AM, 4, 0, D:\My Working Files\My Project\Travel\wina\AR Tiket Report.rpt:Server has not yet been opened.
8/7/2009, 11:09:14 AM, 4, 0, :Invalid directory.
8/7/2009, 11:12:04 AM, 4, 0, :Invalid directory.
8/7/2009, 11:13:25 AM, 4, 0, :Invalid directory.
8/7/2009, 11:38:02 AM, 4, 0, :Invalid directory.
8/7/2009, 11:41:49 AM, 4, 0, :Invalid directory.
2/8/2010, 5:28:37 PM, 4, 0, :Invalid directory.
2/8/2010, 5:38:58 PM, 4, 0, :Invalid directory.
2/8/2010, 5:40:13 PM, 4, 0, :Invalid directory.
2/8/2010, 5:41:23 PM, 4, 0, :Invalid directory.
2/8/2010, 5:42:22 PM, 4, 0, :Invalid directory.
2/8/2010, 5:42:26 PM, 4, 0, :Invalid directory.
2/8/2010, 5:45:09 PM, 4, 0, :Invalid directory.
2/8/2010, 5:45:28 PM, 4, 0, C:\My Project\Travel\wina\laporan penjualan-client admin.rpt:Server has not yet been opened.
2/8/2010, 5:46:24 PM, 4, 0, :Invalid directory.
01/25/11, 10:54:39, 4, 0, :Invalid directory.
01/25/11, 10:54:46, 4, 0, :Invalid directory.
09/04/14, 19:53:01, 4, 0, :Invalid directory.
09/04/14, 19:53:25, 4, 0, F:\work\kerjaan\wina\laporan penjualan-client admin.rpt:Server has not yet been opened.
09/04/14, 21:20:49, 4, 0, :Invalid directory.
09/04/14, 21:21:03, 4, 0, :Invalid directory.
09/05/14, 14:14:29, 4, 0, :Invalid directory.
04/01/15, 21:10:13, 4, 0, :Invalid directory.
04/01/15, 21:10:20, 4, 0, :Invalid directory.
02/14/16, 11:44:34, 4, 0, :Invalid directory.
02/14/16, 11:44:41, 4, 0, :Invalid directory.
03/07/21, 22:22:13, 4, 0, :Invalid directory.
